15-Feb-2020 14:39:29.967 INFO [main] org.apache.catalina.core.ApplicationContext.log Initializing AtmosphereFramework
15-Feb-2020 14:39:30.609 INFO [main] org.apache.catalina.core.ApplicationContext.log No Spring WebApplicationInitializer types detected on classpath
15-Feb-2020 14:40:29.604 INFO [main] org.apache.catalina.core.ApplicationContext.log Initializing Spring CubaDispatcherServlet 'dispatcher'
15-Feb-2020 14:40:36.915 INFO [main] org.apache.catalina.core.ApplicationContext.log Initializing AtmosphereFramework
15-Feb-2020 14:40:36.916 INFO [main] org.apache.catalina.core.ApplicationContext.log No Spring WebApplicationInitializer types detected on classpath
15-Feb-2020 14:41:08.708 SEVERE [main] org.apache.catalina.core.StandardContext.listenerStart Exception sending context initialized event to listener instance of class [com.haulmont.cuba.core.sys.AppContextLoader]
 java.lang.RuntimeException: Unable to create anonymous session. It is required for system to start
	at com.haulmont.cuba.security.auth.AnonymousSessionHolder.initializeAnonymousSession(AnonymousSessionHolder.java:77)
	at com.haulmont.cuba.security.auth.AnonymousSessionHolder.applicationStarted(AnonymousSessionHolder.java:45)
	at com.haulmont.cuba.core.sys.AppContext.startContext(AppContext.java:239)
	at com.haulmont.cuba.core.sys.AppContext$Internals.startContext(AppContext.java:302)
	at com.haulmont.cuba.core.sys.AbstractWebAppContextLoader.contextInitialized(AbstractWebAppContextLoader.java:86)
	at org.apache.catalina.core.StandardContext.listenerStart(StandardContext.java:4682)
	at org.apache.catalina.core.StandardContext.startInternal(StandardContext.java:5150)
	at org.apache.catalina.util.LifecycleBase.start(LifecycleBase.java:183)
	at org.apache.catalina.core.ContainerBase.addChildInternal(ContainerBase.java:713)
	at org.apache.catalina.core.ContainerBase.addChild(ContainerBase.java:690)
	at org.apache.catalina.core.StandardHost.addChild(StandardHost.java:695)
	at org.apache.catalina.startup.HostConfig.deployDirectory(HostConfig.java:1133)
	at org.apache.catalina.startup.HostConfig$DeployDirectory.run(HostConfig.java:1867)
	at java.base/java.util.concurrent.Executors$RunnableAdapter.call(Executors.java:515)
	at java.base/java.util.concurrent.FutureTask.run(FutureTask.java:264)
	at org.apache.tomcat.util.threads.InlineExecutorService.execute(InlineExecutorService.java:75)
	at java.base/java.util.concurrent.AbstractExecutorService.submit(AbstractExecutorService.java:118)
	at org.apache.catalina.startup.HostConfig.deployDirectories(HostConfig.java:1045)
	at org.apache.catalina.startup.HostConfig.deployApps(HostConfig.java:429)
	at org.apache.catalina.startup.HostConfig.start(HostConfig.java:1576)
	at org.apache.catalina.startup.HostConfig.lifecycleEvent(HostConfig.java:309)
	at org.apache.catalina.util.LifecycleBase.fireLifecycleEvent(LifecycleBase.java:123)
	at org.apache.catalina.util.LifecycleBase.setStateInternal(LifecycleBase.java:423)
	at org.apache.catalina.util.LifecycleBase.setState(LifecycleBase.java:366)
	at org.apache.catalina.core.ContainerBase.startInternal(ContainerBase.java:929)
	at org.apache.catalina.core.StandardHost.startInternal(StandardHost.java:831)
	at org.apache.catalina.util.LifecycleBase.start(LifecycleBase.java:183)
	at org.apache.catalina.core.ContainerBase$StartChild.call(ContainerBase.java:1377)
	at org.apache.catalina.core.ContainerBase$StartChild.call(ContainerBase.java:1367)
	at java.base/java.util.concurrent.FutureTask.run(FutureTask.java:264)
	at org.apache.tomcat.util.threads.InlineExecutorService.execute(InlineExecutorService.java:75)
	at java.base/java.util.concurrent.AbstractExecutorService.submit(AbstractExecutorService.java:140)
	at org.apache.catalina.core.ContainerBase.startInternal(ContainerBase.java:902)
	at org.apache.catalina.core.StandardEngine.startInternal(StandardEngine.java:262)
	at org.apache.catalina.util.LifecycleBase.start(LifecycleBase.java:183)
	at org.apache.catalina.core.StandardService.startInternal(StandardService.java:423)
	at org.apache.catalina.util.LifecycleBase.start(LifecycleBase.java:183)
	at org.apache.catalina.core.StandardServer.startInternal(StandardServer.java:932)
	at org.apache.catalina.util.LifecycleBase.start(LifecycleBase.java:183)
	at org.apache.catalina.startup.Catalina.start(Catalina.java:633)
	at java.base/jdk.internal.reflect.NativeMethodAccessorImpl.invoke0(Native Method)
	at java.base/jdk.internal.reflect.NativeMethodAccessorImpl.invoke(NativeMethodAccessorImpl.java:62)
	at java.base/jdk.internal.reflect.DelegatingMethodAccessorImpl.invoke(DelegatingMethodAccessorImpl.java:43)
	at java.base/java.lang.reflect.Method.invoke(Method.java:566)
	at org.apache.catalina.startup.Bootstrap.start(Bootstrap.java:350)
	at org.apache.catalina.startup.Bootstrap.main(Bootstrap.java:492)
Caused by: com.haulmont.cuba.security.global.InternalAuthenticationException: Exception is thrown by authentication provider
	at com.haulmont.cuba.security.auth.AuthenticationManagerBean.authenticateInternal(AuthenticationManagerBean.java:275)
	at com.haulmont.cuba.security.auth.AuthenticationManagerBean.login(AuthenticationManagerBean.java:117)
	at com.haulmont.cuba.security.auth.AnonymousSessionHolder.loginAnonymous(AnonymousSessionHolder.java:82)
	at com.haulmont.cuba.security.auth.AnonymousSessionHolder.initializeAnonymousSession(AnonymousSessionHolder.java:72)
	... 45 more

15-Feb-2020 14:41:08.718 SEVERE [main] org.apache.catalina.core.StandardContext.listenerStop Exception sending context destroyed event to listener instance of class [com.haulmont.cuba.core.sys.AppContextLoader]
 java.lang.IllegalStateException: BeanFactory not initialized or already closed - call 'refresh' before accessing beans via the ApplicationContext
	at org.springframework.context.support.AbstractRefreshableApplicationContext.getBeanFactory(AbstractRefreshableApplicationContext.java:177)
	at org.springframework.context.support.AbstractApplicationContext.getBean(AbstractApplicationContext.java:1123)
	at com.haulmont.cuba.core.sys.AbstractWebAppContextLoader.contextDestroyed(AbstractWebAppContextLoader.java:106)
	at org.apache.catalina.core.StandardContext.listenerStop(StandardContext.java:4729)
	at org.apache.catalina.core.StandardContext.stopInternal(StandardContext.java:5388)
	at org.apache.catalina.util.LifecycleBase.stop(LifecycleBase.java:257)
	at org.apache.catalina.util.LifecycleBase.start(LifecycleBase.java:187)
	at org.apache.catalina.core.ContainerBase.addChildInternal(ContainerBase.java:713)
	at org.apache.catalina.core.ContainerBase.addChild(ContainerBase.java:690)
	at org.apache.catalina.core.StandardHost.addChild(StandardHost.java:695)
	at org.apache.catalina.startup.HostConfig.deployDirectory(HostConfig.java:1133)
	at org.apache.catalina.startup.HostConfig$DeployDirectory.run(HostConfig.java:1867)
	at java.base/java.util.concurrent.Executors$RunnableAdapter.call(Executors.java:515)
	at java.base/java.util.concurrent.FutureTask.run(FutureTask.java:264)
	at org.apache.tomcat.util.threads.InlineExecutorService.execute(InlineExecutorService.java:75)
	at java.base/java.util.concurrent.AbstractExecutorService.submit(AbstractExecutorService.java:118)
	at org.apache.catalina.startup.HostConfig.deployDirectories(HostConfig.java:1045)
	at org.apache.catalina.startup.HostConfig.deployApps(HostConfig.java:429)
	at org.apache.catalina.startup.HostConfig.start(HostConfig.java:1576)
	at org.apache.catalina.startup.HostConfig.lifecycleEvent(HostConfig.java:309)
	at org.apache.catalina.util.LifecycleBase.fireLifecycleEvent(LifecycleBase.java:123)
	at org.apache.catalina.util.LifecycleBase.setStateInternal(LifecycleBase.java:423)
	at org.apache.catalina.util.LifecycleBase.setState(LifecycleBase.java:366)
	at org.apache.catalina.core.ContainerBase.startInternal(ContainerBase.java:929)
	at org.apache.catalina.core.StandardHost.startInternal(StandardHost.java:831)
	at org.apache.catalina.util.LifecycleBase.start(LifecycleBase.java:183)
	at org.apache.catalina.core.ContainerBase$StartChild.call(ContainerBase.java:1377)
	at org.apache.catalina.core.ContainerBase$StartChild.call(ContainerBase.java:1367)
	at java.base/java.util.concurrent.FutureTask.run(FutureTask.java:264)
	at org.apache.tomcat.util.threads.InlineExecutorService.execute(InlineExecutorService.java:75)
	at java.base/java.util.concurrent.AbstractExecutorService.submit(AbstractExecutorService.java:140)
	at org.apache.catalina.core.ContainerBase.startInternal(ContainerBase.java:902)
	at org.apache.catalina.core.StandardEngine.startInternal(StandardEngine.java:262)
	at org.apache.catalina.util.LifecycleBase.start(LifecycleBase.java:183)
	at org.apache.catalina.core.StandardService.startInternal(StandardService.java:423)
	at org.apache.catalina.util.LifecycleBase.start(LifecycleBase.java:183)
	at org.apache.catalina.core.StandardServer.startInternal(StandardServer.java:932)
	at org.apache.catalina.util.LifecycleBase.start(LifecycleBase.java:183)
	at org.apache.catalina.startup.Catalina.start(Catalina.java:633)
	at java.base/jdk.internal.reflect.NativeMethodAccessorImpl.invoke0(Native Method)
	at java.base/jdk.internal.reflect.NativeMethodAccessorImpl.invoke(NativeMethodAccessorImpl.java:62)
	at java.base/jdk.internal.reflect.DelegatingMethodAccessorImpl.invoke(DelegatingMethodAccessorImpl.java:43)
	at java.base/java.lang.reflect.Method.invoke(Method.java:566)
	at org.apache.catalina.startup.Bootstrap.start(Bootstrap.java:350)
	at org.apache.catalina.startup.Bootstrap.main(Bootstrap.java:492)

